<?xml version="1.0" encoding="UTF-8"?>
<testsuite xmlns:xsi="http://www.w3.org/2001/XMLSchema-instance" xsi:noNamespaceSchemaLocation="https://maven.apache.org/surefire/maven-surefire-plugin/xsd/surefire-test-report.xsd" name="TestSuite" time="3.898" tests="10" errors="0" skipped="0" failures="0">
  <properties>
[...]
</properties>
  <testcase name="addNewWalletTest" classname="RESTWebClientTest" time="0.172"/>
  <testcase name="buyExpensiveGoodTest" classname="RESTWebClientTest" time="0"/>
  <testcase name="buyGoodTest" classname="RESTWebClientTest" time="0.01"/>
  <testcase name="deleteWalletById" classname="RESTWebClientTest" time="0.037"/>
  <testcase name="getAllWalletsTest" classname="RESTWebClientTest" time="0"/>
  <testcase name="getBalanceTest" classname="RESTWebClientTest" time="0.007"/>
  <testcase name="getNotExistWalletTest" classname="RESTWebClientTest" time="0.026"/>
  <testcase name="getWalletTest" classname="RESTWebClientTest" time="0"/>
  <testcase name="putMoneyOnWalletTest" classname="RESTWebClientTest" time="0.022"/>
  <testcase name="putToMuchMoneyOnWalletTest" classname="RESTWebClientTest" time="0.013"/>
</testsuite>