<?xml version="1.0" encoding="UTF-8"?>
<!-- Generated by org.testng.reporters.JUnitReportReporter -->
<testsuite hostname="DESKTOP-2K3TA20" name="RESTWebClientTest" tests="10" failures="0" timestamp="10 Mar 2018 21:56:13 GMT" time="0.279" errors="0">
  <testcase name="buyGoodTest" time="0.016" classname="RESTWebClientTest"/>
  <testcase name="putMoneyOnWalletTest" time="0.019" classname="RESTWebClientTest"/>
  <testcase name="addNewWalletTest" time="0.147" classname="RESTWebClientTest"/>
  <testcase name="putToMuchMoneyOnWalletTest" time="0.015" classname="RESTWebClientTest"/>
  <testcase name="getNotExistWalletTest" time="0.021" classname="RESTWebClientTest"/>
  <testcase name="getWalletTest" time="0.004" classname="RESTWebClientTest"/>
  <testcase name="getBalanceTest" time="0.013" classname="RESTWebClientTest"/>
  <testcase name="deleteWalletById" time="0.016" classname="RESTWebClientTest"/>
  <testcase name="getAllWalletsTest" time="0.009" classname="RESTWebClientTest"/>
  <testcase name="buyExpensiveGoodTest" time="0.019" classname="RESTWebClientTest"/>
</testsuite> <!-- RESTWebClientTest -->
